0 info it worked if it ends with ok
1 verbose cli [ 'D:\\Program Files\\nodejs\\node.exe',
1 verbose cli   'D:\\Program Files\\nodejs\\node_modules\\npm\\bin\\npm-cli.js',
1 verbose cli   'start' ]
2 info using npm@3.5.0
3 info using node@v4.2.2
4 verbose run-script [ 'prestart', 'start', 'poststart' ]
5 info lifecycle node@0.0.0~prestart: node@0.0.0
6 silly lifecycle node@0.0.0~prestart: no script for prestart, continuing
7 info lifecycle node@0.0.0~start: node@0.0.0
8 verbose lifecycle node@0.0.0~start: unsafe-perm in lifecycle true
9 verbose lifecycle node@0.0.0~start: PATH: D:\Program Files\nodejs\node_modules\npm\bin\node-gyp-bin;F:\node\node_modules\.bin;C:\Windows\system32;C:\Windows;C:\Windows\System32\Wbem;C:\Windows\System32\WindowsPowerShell\v1.0\;D:\Program Files\TortoiseSVN\bin;D:\Program Files (x86)\MySQL\MySQL Server 5.5\bin;D:\Program Files\nodejs\;C:\Users\Administrator\AppData\Roaming\npm
10 verbose lifecycle node@0.0.0~start: CWD: F:\node
11 silly lifecycle node@0.0.0~start: Args: [ '/d /s /c', 'node ./bin/www' ]
12 silly lifecycle node@0.0.0~start: Returned: code: 1  signal: null
13 info lifecycle node@0.0.0~start: Failed to exec start script
14 verbose stack Error: node@0.0.0 start: `node ./bin/www`
14 verbose stack Exit status 1
14 verbose stack     at EventEmitter.<anonymous> (D:\Program Files\nodejs\node_modules\npm\lib\utils\lifecycle.js:232:16)
14 verbose stack     at emitTwo (events.js:87:13)
14 verbose stack     at EventEmitter.emit (events.js:172:7)
14 verbose stack     at ChildProcess.<anonymous> (D:\Program Files\nodejs\node_modules\npm\lib\utils\spawn.js:24:14)
14 verbose stack     at emitTwo (events.js:87:13)
14 verbose stack     at ChildProcess.emit (events.js:172:7)
14 verbose stack     at maybeClose (internal/child_process.js:818:16)
14 verbose stack     at Process.ChildProcess._handle.onexit (internal/child_process.js:211:5)
15 verbose pkgid node@0.0.0
16 verbose cwd F:\node
17 error Windows_NT 6.1.7601
18 error argv "D:\\Program Files\\nodejs\\node.exe" "D:\\Program Files\\nodejs\\node_modules\\npm\\bin\\npm-cli.js" "start"
19 error node v4.2.2
20 error npm  v3.5.0
21 error code ELIFECYCLE
22 error node@0.0.0 start: `node ./bin/www`
22 error Exit status 1
23 error Failed at the node@0.0.0 start script 'node ./bin/www'.
23 error Make sure you have the latest version of node.js and npm installed.
23 error If you do, this is most likely a problem with the node package,
23 error not with npm itself.
23 error Tell the author that this fails on your system:
23 error     node ./bin/www
23 error You can get their info via:
23 error     npm owner ls node
23 error There is likely additional logging output above.
24 verbose exit [ 1, true ]
